#log# Automatic Logger file. *** THIS MUST BE THE FIRST LINE ***
#log# DO NOT CHANGE THIS LINE OR THE TWO BELOW -* coding: UTF-8 *-
#log# opts = Struct({'__allownew': True,
 'autocall': 2,
 'banner': 0,
 'colors': 'LightBG',
 'ipythondir': '/Users/eoincarley/.casa/ipython',
 'logfile': 'ipython-20170228-165042.log',
 'messages': 0,
 'prompt_in1': 'CASA <\\#>: '})
#log# args = []
#log# It is safe to make manual edits below here.
#log#-----------------------------------------------------------------------
execfile("/Applications/CASA.app/Contents/Resources/python/assignmentFilter.py")
plotms()
_ip.system("ls -F ")
test = 'L294309_SAP000_SB260_uv_casa.MS'
ms.open(test)
ms.listhistory()
ms.metadata(test)
ms.summary(test)
ms.statistics(test)
a=ms.open(test)
type(a)
ms.niternext()
